<?xml version="1.0" encoding="UTF-8"?>
<!-- Generated by org.testng.reporters.JUnitReportReporter -->
<testsuite hostname="DESKTOP-E5FIK6M" failures="0" tests="2" name="Project.HomeLoan" time="9.788" errors="0" timestamp="2024-02-18T12:11:53 IST" skipped="0">
  <testcase classname="Project.HomeLoan" name="Home_Loan" time="0.222"/>
  <testcase classname="Project.HomeLoan" name="HomeLoan_Data" time="9.566"/>
</testsuite> <!-- Project.HomeLoan -->
