<?xml version="1.0" encoding="UTF-8"?>
<!-- Generated by org.testng.reporters.JUnitReportReporter -->
<testsuite hostname="DESKTOP-E5FIK6M" failures="0" tests="3" name="Project.CarLoan" time="1.642" errors="0" timestamp="2024-02-18T11:50:13 IST" skipped="0">
  <testcase classname="Project.CarLoan" name="testLogo" time="0.238"/>
  <testcase classname="Project.CarLoan" name="Car_Loan" time="1.354"/>
  <testcase classname="Project.CarLoan" name="EMI_Calculation" time="0.050"/>
</testsuite> <!-- Project.CarLoan -->
