<?xml version="1.0" encoding="UTF-8"?>
<!-- Generated by org.testng.reporters.JUnitReportReporter -->
<testsuite hostname="DESKTOP-E5FIK6M" failures="0" tests="2" name="Project.HomeLoan" time="2.066" errors="0" timestamp="2024-03-03T13:01:01 IST" skipped="0">
  <testcase classname="Project.HomeLoan" name="Home_Loan" time="0.234"/>
  <testcase classname="Project.HomeLoan" name="HomeLoan_Data" time="1.832"/>
</testsuite> <!-- Project.HomeLoan -->
